<?xml version="1.0" encoding="UTF-8"?>
<!-- Generated by org.testng.reporters.JUnitReportReporter -->
<testsuite skipped="1" hostname="x-treme" name="br.com.projeto.tests.Testes" tests="4" failures="0" timestamp="2021-01-02T20:46:43 BRT" time="0.006" errors="0">
  <testcase name="teste2" time="0.002" classname="br.com.projeto.tests.Testes"/>
  <system-out/>
  <testcase name="teste1" time="0.001" classname="br.com.projeto.tests.Testes"/>
  <system-out/>
  <testcase name="teste4" time="0.003" classname="br.com.projeto.tests.Testes"/>
  <system-out/>
  <testcase name="teste3" classname="br.com.projeto.tests.Testes">
    <skipped/>
  </testcase> <!-- teste3 -->
  <system-out/>
</testsuite> <!-- br.com.projeto.tests.Testes -->
