<?xml version="1.0" encoding="UTF-8"?>
<!-- Generated by org.testng.reporters.JUnitReportReporter -->
<testsuite skipped="0" hostname="x-treme" name="br.com.projeto.testesRetorno.TestesRetorno" tests="4" failures="0" timestamp="2021-01-04T19:18:28 BRT" time="0.014" errors="0">
  <testcase name="saudacao" time="0.007" classname="br.com.projeto.testesRetorno.TestesRetorno"/>
  <system-out/>
  <testcase name="verdadeiroFalso" time="0.002" classname="br.com.projeto.testesRetorno.TestesRetorno"/>
  <system-out/>
  <testcase name="teste3classeRetorno" time="0.002" classname="br.com.projeto.testesRetorno.TestesRetorno"/>
  <system-out/>
  <testcase name="teste4classeRetorno" time="0.003" classname="br.com.projeto.testesRetorno.TestesRetorno"/>
  <system-out/>
</testsuite> <!-- br.com.projeto.testesRetorno.TestesRetorno -->
